<?xml version="1.0" encoding="UTF-8"?>
<testsuite xmlns:xsi="http://www.w3.org/2001/XMLSchema-instance" xsi:noNamespaceSchemaLocation="https://maven.apache.org/surefire/maven-surefire-plugin/xsd/surefire-test-report-3.0.xsd" version="3.0" name="runners.TestRunner" time="3.806" tests="1" errors="0" skipped="0" failures="0">
  <properties>
[...]
</properties>
  <testcase name="Validate books returned by the API" classname="Validate Books API" time="2.769">
    <system-out><![CDATA[
Scenario: Validate books returned by the API       # src/test/java/features/Lib_Books.feature:3
[
    {
        "id": 1,
        "name": "The Russian",
        "type": "fiction",
        "available": true
    },
    {
        "id": 3,
        "name": "The Vanishing Half",
        "type": "fiction",
        "available": true
    },
    {
        "id": 4,
        "name": "The Midnight Library",
        "type": "fiction",
        "available": true
    },
    {
        "id": 6,
        "name": "Viscount Who Loved Me",
        "type": "fiction",
        "available": true
    },
    {
        "id": 2,
        "name": "Just as I Am",
        "type": "non-fiction",
        "available": false
    },
    {
        "id": 5,
        "name": "Untamed",
        "type": "non-fiction",
        "available": true
    }
]
  Given I send a GET request to the books endpoint # stepdefinitions.BooksStepDef.iSendGetRequestToBooksEndpoint()
✅ Status code validation successful! Expected: 200, Actual: 200
  Then the response status code should be 200      # stepdefinitions.BooksStepDef.responseStatusCodeShouldBe(int)
✅ GET response time is : 1425ms
  And the response time should be optimal          # stepdefinitions.BooksStepDef.responseTimeCheck()
✅ count validation successful! Expected: 6, Actual: 6
  And the response should contain 6 books          # stepdefinitions.BooksStepDef.responseShouldContainBooks(int)
********Details for book ID*********** 1
The Book name is:The Russian
The Book Type is:fiction
The Book is:true
  And the book with id 1 should have:              # stepdefinitions.BooksStepDef.bookWithIdShouldHave(int,io.cucumber.datatable.DataTable)
    | name      | The Russian |
    | type      | fiction     |
    | available | true        |
********Details for book ID*********** 2
The Book name is:Just as I Am
The Book Type is:non-fiction
The Book is:false
  And the book with id 2 should have:              # stepdefinitions.BooksStepDef.bookWithIdShouldHave(int,io.cucumber.datatable.DataTable)
    | name      | Just as I Am |
    | type      | non-fiction  |
    | available | false        |
]]></system-out>
  </testcase>
</testsuite>